#-----------------------------------------------------------
# Vivado v2018.2 (64-bit)
# SW Build 2258646 on Thu Jun 14 20:03:12 MDT 2018
# IP Build 2256618 on Thu Jun 14 22:10:49 MDT 2018
# Start of session at: Mon Feb 26 12:17:03 2024
# Process ID: 28160
# Current directory: C:/Users/Matiahna.Thornton/Downloads/ECE_281/Lab2/ece281-lab2/binaryHexDisp
# Command line: vivado.exe -gui_launcher_event rodinguilauncherevent11460 C:\Users\Matiahna.Thornton\Downloads\ECE_281\Lab2\ece281-lab2\binaryHexDisp\binaryHexDisp.xpr
# Log file: C:/Users/Matiahna.Thornton/Downloads/ECE_281/Lab2/ece281-lab2/binaryHexDisp/vivado.log
# Journal file: C:/Users/Matiahna.Thornton/Downloads/ECE_281/Lab2/ece281-lab2/binaryHexDisp\vivado.jou
#-----------------------------------------------------------
start_gui
open_project C:/Users/Matiahna.Thornton/Downloads/ECE_281/Lab2/ece281-lab2/binaryHexDisp/binaryHexDisp.xpr
Scanning sources...
Finished scanning sources
INFO: [IP_Flow 19-234] Refreshing IP repositories
INFO: [IP_Flow 19-1704] No user IP repositories specified
INFO: [IP_Flow 19-2313] Loaded Vivado IP repository 'C:/Xilinx/Vivado/2018.2/data/ip'.
update_compile_order -fileset sources_1
launch_runs impl_1 -to_step write_bitstream -jobs 4
[Mon Feb 26 12:37:12 2024] Launched synth_1...
Run output will be captured here: C:/Users/Matiahna.Thornton/Downloads/ECE_281/Lab2/ece281-lab2/binaryHexDisp/binaryHexDisp.runs/synth_1/runme.log
[Mon Feb 26 12:37:12 2024] Launched impl_1...
Run output will be captured here: C:/Users/Matiahna.Thornton/Downloads/ECE_281/Lab2/ece281-lab2/binaryHexDisp/binaryHexDisp.runs/impl_1/runme.log
reset_run synth_1
launch_runs synth_1 -jobs 4
[Mon Feb 26 12:39:00 2024] Launched synth_1...
Run output will be captured here: C:/Users/Matiahna.Thornton/Downloads/ECE_281/Lab2/ece281-lab2/binaryHexDisp/binaryHexDisp.runs/synth_1/runme.log
launch_runs impl_1 -jobs 4
[Mon Feb 26 12:39:35 2024] Launched impl_1...
Run output will be captured here: C:/Users/Matiahna.Thornton/Downloads/ECE_281/Lab2/ece281-lab2/binaryHexDisp/binaryHexDisp.runs/impl_1/runme.log
open_run impl_1
INFO: [Netlist 29-17] Analyzing 4 Unisim elements for replacement
INFO: [Netlist 29-28] Unisim Transformation completed in 0 CPU seconds
INFO: [Project 1-479] Netlist was created with Vivado 2018.2
INFO: [Device 21-403] Loading part xc7a35tcpg236-1
INFO: [Project 1-570] Preparing netlist for logic optimization
INFO: [Timing 38-478] Restoring timing data from binary archive.
INFO: [Timing 38-479] Binary timing data restore complete.
INFO: [Project 1-856] Restoring constraints from binary archive.
INFO: [Project 1-853] Binary constraint restore complete.
Reading XDEF placement.
Reading placer database...
Reading XDEF routing.
Read XDEF File: Time (s): cpu = 00:00:00 ; elapsed = 00:00:00.031 . Memory (MB): peak = 1648.453 ; gain = 0.000
Restored from archive | CPU: 0.000000 secs | Memory: 0.000000 MB |
Finished XDEF File Restore: Time (s): cpu = 00:00:00 ; elapsed = 00:00:00.031 . Memory (MB): peak = 1648.453 ; gain = 0.000
INFO: [Project 1-111] Unisim Transformation Summary:
No Unisim elements were transformed.

open_run: Time (s): cpu = 00:00:17 ; elapsed = 00:00:20 . Memory (MB): peak = 1717.441 ; gain = 874.449
WARNING: [Timing 38-313] There are no user specified timing constraints. Timing constraints are needed for proper timing analysis.
launch_simulation
INFO: [Vivado 12-5682] Launching behavioral simulation in 'C:/Users/Matiahna.Thornton/Downloads/ECE_281/Lab2/ece281-lab2/binaryHexDisp/binaryHexDisp.sim/sim_1/behav/xsim'
INFO: [SIM-utils-51] Simulation object is 'sim_1'
INFO: [SIM-utils-54] Inspecting design source files for 'sevenSegDecoder_tb' in fileset 'sim_1'...
INFO: [USF-XSim-97] Finding global include files...
INFO: [USF-XSim-98] Fetching design files from 'sim_1'...
INFO: [USF-XSim-2] XSim::Compile design
INFO: [USF-XSim-61] Executing 'COMPILE and ANALYZE' step in 'C:/Users/Matiahna.Thornton/Downloads/ECE_281/Lab2/ece281-lab2/binaryHexDisp/binaryHexDisp.sim/sim_1/behav/xsim'
"xvhdl --incr --relax -prj sevenSegDecoder_tb_vhdl.prj"
INFO: [VRFC 10-163] Analyzing VHDL file "C:/Users/Matiahna.Thornton/Downloads/ECE_281/Lab2/ece281-lab2/binaryHexDisp/binaryHexDisp.srcs/sources_1/new/sevenSegDecoder.vhd" into library xil_defaultlib
INFO: [VRFC 10-307] analyzing entity sevenSegDecoder
INFO: [VRFC 10-163] Analyzing VHDL file "C:/Users/Matiahna.Thornton/Downloads/ECE_281/Lab2/ece281-lab2/src/hdl/sevenSegDecoder_tb.vhd" into library xil_defaultlib
INFO: [VRFC 10-307] analyzing entity sevenSegDecoder_tb
INFO: [USF-XSim-69] 'compile' step finished in '2' seconds
INFO: [USF-XSim-3] XSim::Elaborate design
INFO: [USF-XSim-61] Executing 'ELABORATE' step in 'C:/Users/Matiahna.Thornton/Downloads/ECE_281/Lab2/ece281-lab2/binaryHexDisp/binaryHexDisp.sim/sim_1/behav/xsim'
Vivado Simulator 2018.2
Copyright 1986-1999, 2001-2018 Xilinx, Inc. All Rights Reserved.
Running: C:/Xilinx/Vivado/2018.2/bin/unwrapped/win64.o/xelab.exe -wto 1fb07f3ef2694a1daf4ee6a92ac5f364 --incr --debug typical --relax --mt 2 -L xil_defaultlib -L secureip --snapshot sevenSegDecoder_tb_behav xil_defaultlib.sevenSegDecoder_tb -log elaborate.log 
Using 2 slave threads.
Starting static elaboration
Completed static elaboration
Starting simulation data flow analysis
Completed simulation data flow analysis
Time Resolution for simulation is 1ps
Compiling package std.standard
Compiling package std.textio
Compiling package ieee.std_logic_1164
Compiling package ieee.numeric_std
Compiling architecture behavioral of entity xil_defaultlib.sevenSegDecoder [sevensegdecoder_default]
Compiling architecture test_bench of entity xil_defaultlib.sevensegdecoder_tb
Built simulation snapshot sevenSegDecoder_tb_behav

****** Webtalk v2018.2 (64-bit)
  **** SW Build 2258646 on Thu Jun 14 20:03:12 MDT 2018
  **** IP Build 2256618 on Thu Jun 14 22:10:49 MDT 2018
    ** Copyright 1986-2018 Xilinx, Inc. All Rights Reserved.

source C:/Users/Matiahna.Thornton/Downloads/ECE_281/Lab2/ece281-lab2/binaryHexDisp/binaryHexDisp.sim/sim_1/behav/xsim/xsim.dir/sevenSegDecoder_tb_behav/webtalk/xsim_webtalk.tcl -notrace
INFO: [Common 17-206] Exiting Webtalk at Mon Feb 26 12:41:58 2024...
run_program: Time (s): cpu = 00:00:00 ; elapsed = 00:00:06 . Memory (MB): peak = 1725.484 ; gain = 0.000
INFO: [USF-XSim-69] 'elaborate' step finished in '6' seconds
INFO: [USF-XSim-4] XSim::Simulate design
INFO: [USF-XSim-61] Executing 'SIMULATE' step in 'C:/Users/Matiahna.Thornton/Downloads/ECE_281/Lab2/ece281-lab2/binaryHexDisp/binaryHexDisp.sim/sim_1/behav/xsim'
INFO: [USF-XSim-98] *** Running xsim
   with args "sevenSegDecoder_tb_behav -key {Behavioral:sim_1:Functional:sevenSegDecoder_tb} -tclbatch {sevenSegDecoder_tb.tcl} -log {simulate.log}"
INFO: [USF-XSim-8] Loading simulator feature
Vivado Simulator 2018.2
Time resolution is 1 ps
source sevenSegDecoder_tb.tcl
# set curr_wave [current_wave_config]
# if { [string length $curr_wave] == 0 } {
#   if { [llength [get_objects]] > 0} {
#     add_wave /
#     set_property needs_save false [current_wave_config]
#   } else {
#      send_msg_id Add_Wave-1 WARNING "No top level signals found. Simulator will start without a wave window. If you want to open a wave window go to 'File->New Waveform Configuration' or type 'create_wave_config' in the TCL console."
#   }
# }
# run 1000ns
Failure: error on x4
Time: 50 ns  Iteration: 0  Process: /sevenSegDecoder_tb/test_process  File: C:/Users/Matiahna.Thornton/Downloads/ECE_281/Lab2/ece281-lab2/src/hdl/sevenSegDecoder_tb.vhd
$finish called at time : 50 ns : File "C:/Users/Matiahna.Thornton/Downloads/ECE_281/Lab2/ece281-lab2/src/hdl/sevenSegDecoder_tb.vhd" Line 95
INFO: [USF-XSim-96] XSim completed. Design snapshot 'sevenSegDecoder_tb_behav' loaded.
INFO: [USF-XSim-97] XSim simulation ran for 1000ns
launch_simulation: Time (s): cpu = 00:00:02 ; elapsed = 00:00:11 . Memory (MB): peak = 1734.570 ; gain = 9.086
close_sim
INFO: [Simtcl 6-16] Simulation closed
close_sim: Time (s): cpu = 00:00:01 ; elapsed = 00:00:09 . Memory (MB): peak = 1741.227 ; gain = 0.000
launch_simulation
INFO: [Vivado 12-5682] Launching behavioral simulation in 'C:/Users/Matiahna.Thornton/Downloads/ECE_281/Lab2/ece281-lab2/binaryHexDisp/binaryHexDisp.sim/sim_1/behav/xsim'
INFO: [SIM-utils-51] Simulation object is 'sim_1'
INFO: [SIM-utils-54] Inspecting design source files for 'sevenSegDecoder_tb' in fileset 'sim_1'...
INFO: [USF-XSim-97] Finding global include files...
INFO: [USF-XSim-98] Fetching design files from 'sim_1'...
INFO: [USF-XSim-2] XSim::Compile design
INFO: [USF-XSim-61] Executing 'COMPILE and ANALYZE' step in 'C:/Users/Matiahna.Thornton/Downloads/ECE_281/Lab2/ece281-lab2/binaryHexDisp/binaryHexDisp.sim/sim_1/behav/xsim'
"xvhdl --incr --relax -prj sevenSegDecoder_tb_vhdl.prj"
INFO: [VRFC 10-163] Analyzing VHDL file "C:/Users/Matiahna.Thornton/Downloads/ECE_281/Lab2/ece281-lab2/binaryHexDisp/binaryHexDisp.srcs/sources_1/new/sevenSegDecoder.vhd" into library xil_defaultlib
INFO: [VRFC 10-307] analyzing entity sevenSegDecoder
INFO: [VRFC 10-163] Analyzing VHDL file "C:/Users/Matiahna.Thornton/Downloads/ECE_281/Lab2/ece281-lab2/src/hdl/sevenSegDecoder_tb.vhd" into library xil_defaultlib
INFO: [VRFC 10-307] analyzing entity sevenSegDecoder_tb
INFO: [USF-XSim-69] 'compile' step finished in '2' seconds
INFO: [USF-XSim-3] XSim::Elaborate design
INFO: [USF-XSim-61] Executing 'ELABORATE' step in 'C:/Users/Matiahna.Thornton/Downloads/ECE_281/Lab2/ece281-lab2/binaryHexDisp/binaryHexDisp.sim/sim_1/behav/xsim'
Vivado Simulator 2018.2
Copyright 1986-1999, 2001-2018 Xilinx, Inc. All Rights Reserved.
Running: C:/Xilinx/Vivado/2018.2/bin/unwrapped/win64.o/xelab.exe -wto 1fb07f3ef2694a1daf4ee6a92ac5f364 --incr --debug typical --relax --mt 2 -L xil_defaultlib -L secureip --snapshot sevenSegDecoder_tb_behav xil_defaultlib.sevenSegDecoder_tb -log elaborate.log 
Using 2 slave threads.
Starting static elaboration
Completed static elaboration
Starting simulation data flow analysis
Completed simulation data flow analysis
Time Resolution for simulation is 1ps
Compiling package std.standard
Compiling package std.textio
Compiling package ieee.std_logic_1164
Compiling package ieee.numeric_std
Compiling architecture behavioral of entity xil_defaultlib.sevenSegDecoder [sevensegdecoder_default]
Compiling architecture test_bench of entity xil_defaultlib.sevensegdecoder_tb
Built simulation snapshot sevenSegDecoder_tb_behav
INFO: [USF-XSim-69] 'elaborate' step finished in '5' seconds
INFO: [USF-XSim-4] XSim::Simulate design
INFO: [USF-XSim-61] Executing 'SIMULATE' step in 'C:/Users/Matiahna.Thornton/Downloads/ECE_281/Lab2/ece281-lab2/binaryHexDisp/binaryHexDisp.sim/sim_1/behav/xsim'
INFO: [USF-XSim-98] *** Running xsim
   with args "sevenSegDecoder_tb_behav -key {Behavioral:sim_1:Functional:sevenSegDecoder_tb} -tclbatch {sevenSegDecoder_tb.tcl} -log {simulate.log}"
INFO: [USF-XSim-8] Loading simulator feature
Vivado Simulator 2018.2
Time resolution is 1 ps
source sevenSegDecoder_tb.tcl
# set curr_wave [current_wave_config]
# if { [string length $curr_wave] == 0 } {
#   if { [llength [get_objects]] > 0} {
#     add_wave /
#     set_property needs_save false [current_wave_config]
#   } else {
#      send_msg_id Add_Wave-1 WARNING "No top level signals found. Simulator will start without a wave window. If you want to open a wave window go to 'File->New Waveform Configuration' or type 'create_wave_config' in the TCL console."
#   }
# }
# run 1000ns
Error: error on x4
Time: 50 ns  Iteration: 0  Process: /sevenSegDecoder_tb/test_process  File: C:/Users/Matiahna.Thornton/Downloads/ECE_281/Lab2/ece281-lab2/src/hdl/sevenSegDecoder_tb.vhd
Error: error on x6
Time: 70 ns  Iteration: 0  Process: /sevenSegDecoder_tb/test_process  File: C:/Users/Matiahna.Thornton/Downloads/ECE_281/Lab2/ece281-lab2/src/hdl/sevenSegDecoder_tb.vhd
Error: error on x14
Time: 150 ns  Iteration: 0  Process: /sevenSegDecoder_tb/test_process  File: C:/Users/Matiahna.Thornton/Downloads/ECE_281/Lab2/ece281-lab2/src/hdl/sevenSegDecoder_tb.vhd
INFO: [USF-XSim-96] XSim completed. Design snapshot 'sevenSegDecoder_tb_behav' loaded.
INFO: [USF-XSim-97] XSim simulation ran for 1000ns
launch_simulation: Time (s): cpu = 00:00:01 ; elapsed = 00:00:09 . Memory (MB): peak = 1741.406 ; gain = 0.180
close_sim
INFO: [Simtcl 6-16] Simulation closed
launch_simulation
INFO: [Vivado 12-5682] Launching behavioral simulation in 'C:/Users/Matiahna.Thornton/Downloads/ECE_281/Lab2/ece281-lab2/binaryHexDisp/binaryHexDisp.sim/sim_1/behav/xsim'
INFO: [SIM-utils-51] Simulation object is 'sim_1'
INFO: [SIM-utils-54] Inspecting design source files for 'sevenSegDecoder_tb' in fileset 'sim_1'...
INFO: [USF-XSim-97] Finding global include files...
INFO: [USF-XSim-98] Fetching design files from 'sim_1'...
INFO: [USF-XSim-2] XSim::Compile design
INFO: [USF-XSim-61] Executing 'COMPILE and ANALYZE' step in 'C:/Users/Matiahna.Thornton/Downloads/ECE_281/Lab2/ece281-lab2/binaryHexDisp/binaryHexDisp.sim/sim_1/behav/xsim'
"xvhdl --incr --relax -prj sevenSegDecoder_tb_vhdl.prj"
INFO: [VRFC 10-163] Analyzing VHDL file "C:/Users/Matiahna.Thornton/Downloads/ECE_281/Lab2/ece281-lab2/binaryHexDisp/binaryHexDisp.srcs/sources_1/new/sevenSegDecoder.vhd" into library xil_defaultlib
INFO: [VRFC 10-307] analyzing entity sevenSegDecoder
INFO: [VRFC 10-163] Analyzing VHDL file "C:/Users/Matiahna.Thornton/Downloads/ECE_281/Lab2/ece281-lab2/src/hdl/sevenSegDecoder_tb.vhd" into library xil_defaultlib
INFO: [VRFC 10-307] analyzing entity sevenSegDecoder_tb
INFO: [USF-XSim-69] 'compile' step finished in '2' seconds
INFO: [USF-XSim-3] XSim::Elaborate design
INFO: [USF-XSim-61] Executing 'ELABORATE' step in 'C:/Users/Matiahna.Thornton/Downloads/ECE_281/Lab2/ece281-lab2/binaryHexDisp/binaryHexDisp.sim/sim_1/behav/xsim'
Vivado Simulator 2018.2
Copyright 1986-1999, 2001-2018 Xilinx, Inc. All Rights Reserved.
Running: C:/Xilinx/Vivado/2018.2/bin/unwrapped/win64.o/xelab.exe -wto 1fb07f3ef2694a1daf4ee6a92ac5f364 --incr --debug typical --relax --mt 2 -L xil_defaultlib -L secureip --snapshot sevenSegDecoder_tb_behav xil_defaultlib.sevenSegDecoder_tb -log elaborate.log 
Using 2 slave threads.
Starting static elaboration
Completed static elaboration
Starting simulation data flow analysis
Completed simulation data flow analysis
Time Resolution for simulation is 1ps
Compiling package std.standard
Compiling package std.textio
Compiling package ieee.std_logic_1164
Compiling package ieee.numeric_std
Compiling architecture behavioral of entity xil_defaultlib.sevenSegDecoder [sevensegdecoder_default]
Compiling architecture test_bench of entity xil_defaultlib.sevensegdecoder_tb
Built simulation snapshot sevenSegDecoder_tb_behav
INFO: [USF-XSim-69] 'elaborate' step finished in '4' seconds
INFO: [USF-XSim-4] XSim::Simulate design
INFO: [USF-XSim-61] Executing 'SIMULATE' step in 'C:/Users/Matiahna.Thornton/Downloads/ECE_281/Lab2/ece281-lab2/binaryHexDisp/binaryHexDisp.sim/sim_1/behav/xsim'
INFO: [USF-XSim-98] *** Running xsim
   with args "sevenSegDecoder_tb_behav -key {Behavioral:sim_1:Functional:sevenSegDecoder_tb} -tclbatch {sevenSegDecoder_tb.tcl} -log {simulate.log}"
INFO: [USF-XSim-8] Loading simulator feature
Vivado Simulator 2018.2
Time resolution is 1 ps
source sevenSegDecoder_tb.tcl
# set curr_wave [current_wave_config]
# if { [string length $curr_wave] == 0 } {
#   if { [llength [get_objects]] > 0} {
#     add_wave /
#     set_property needs_save false [current_wave_config]
#   } else {
#      send_msg_id Add_Wave-1 WARNING "No top level signals found. Simulator will start without a wave window. If you want to open a wave window go to 'File->New Waveform Configuration' or type 'create_wave_config' in the TCL console."
#   }
# }
# run 1000ns
INFO: [USF-XSim-96] XSim completed. Design snapshot 'sevenSegDecoder_tb_behav' loaded.
INFO: [USF-XSim-97] XSim simulation ran for 1000ns
launch_simulation: Time (s): cpu = 00:00:02 ; elapsed = 00:00:11 . Memory (MB): peak = 1743.762 ; gain = 0.000
set_property top top_basys3 [current_fileset]
update_compile_order -fileset sources_1
update_compile_order -fileset sources_1
close_sim
INFO: [Simtcl 6-16] Simulation closed
launch_simulation
INFO: [Vivado 12-5682] Launching behavioral simulation in 'C:/Users/Matiahna.Thornton/Downloads/ECE_281/Lab2/ece281-lab2/binaryHexDisp/binaryHexDisp.sim/sim_1/behav/xsim'
INFO: [SIM-utils-51] Simulation object is 'sim_1'
INFO: [SIM-utils-54] Inspecting design source files for 'sevenSegDecoder_tb' in fileset 'sim_1'...
INFO: [USF-XSim-97] Finding global include files...
INFO: [USF-XSim-98] Fetching design files from 'sim_1'...
INFO: [USF-XSim-2] XSim::Compile design
INFO: [USF-XSim-61] Executing 'COMPILE and ANALYZE' step in 'C:/Users/Matiahna.Thornton/Downloads/ECE_281/Lab2/ece281-lab2/binaryHexDisp/binaryHexDisp.sim/sim_1/behav/xsim'
"xvhdl --incr --relax -prj sevenSegDecoder_tb_vhdl.prj"
INFO: [USF-XSim-69] 'compile' step finished in '3' seconds
INFO: [USF-XSim-3] XSim::Elaborate design
INFO: [USF-XSim-61] Executing 'ELABORATE' step in 'C:/Users/Matiahna.Thornton/Downloads/ECE_281/Lab2/ece281-lab2/binaryHexDisp/binaryHexDisp.sim/sim_1/behav/xsim'
Vivado Simulator 2018.2
Copyright 1986-1999, 2001-2018 Xilinx, Inc. All Rights Reserved.
Running: C:/Xilinx/Vivado/2018.2/bin/unwrapped/win64.o/xelab.exe -wto 1fb07f3ef2694a1daf4ee6a92ac5f364 --incr --debug typical --relax --mt 2 -L xil_defaultlib -L secureip --snapshot sevenSegDecoder_tb_behav xil_defaultlib.sevenSegDecoder_tb -log elaborate.log 
Using 2 slave threads.
Starting static elaboration
Completed static elaboration
INFO: [XSIM 43-4323] No Change in HDL. Linking previously generated obj files to create kernel
INFO: [USF-XSim-69] 'elaborate' step finished in '2' seconds
INFO: [USF-XSim-4] XSim::Simulate design
INFO: [USF-XSim-61] Executing 'SIMULATE' step in 'C:/Users/Matiahna.Thornton/Downloads/ECE_281/Lab2/ece281-lab2/binaryHexDisp/binaryHexDisp.sim/sim_1/behav/xsim'
INFO: [USF-XSim-98] *** Running xsim
   with args "sevenSegDecoder_tb_behav -key {Behavioral:sim_1:Functional:sevenSegDecoder_tb} -tclbatch {sevenSegDecoder_tb.tcl} -log {simulate.log}"
INFO: [USF-XSim-8] Loading simulator feature
Vivado Simulator 2018.2
Time resolution is 1 ps
source sevenSegDecoder_tb.tcl
# set curr_wave [current_wave_config]
# if { [string length $curr_wave] == 0 } {
#   if { [llength [get_objects]] > 0} {
#     add_wave /
#     set_property needs_save false [current_wave_config]
#   } else {
#      send_msg_id Add_Wave-1 WARNING "No top level signals found. Simulator will start without a wave window. If you want to open a wave window go to 'File->New Waveform Configuration' or type 'create_wave_config' in the TCL console."
#   }
# }
# run 1000ns
INFO: [USF-XSim-96] XSim completed. Design snapshot 'sevenSegDecoder_tb_behav' loaded.
INFO: [USF-XSim-97] XSim simulation ran for 1000ns
launch_simulation: Time (s): cpu = 00:00:01 ; elapsed = 00:00:08 . Memory (MB): peak = 1758.254 ; gain = 0.000
reset_run synth_1
WARNING: [Vivado 12-1017] Problems encountered:
1. Failed to delete one or more files in run directory C:/Users/Matiahna.Thornton/Downloads/ECE_281/Lab2/ece281-lab2/binaryHexDisp/binaryHexDisp.runs/synth_1

launch_runs impl_1 -to_step write_bitstream -jobs 4
[Mon Feb 26 14:23:18 2024] Launched synth_1...
Run output will be captured here: C:/Users/Matiahna.Thornton/Downloads/ECE_281/Lab2/ece281-lab2/binaryHexDisp/binaryHexDisp.runs/synth_1/runme.log
[Mon Feb 26 14:23:18 2024] Launched impl_1...
Run output will be captured here: C:/Users/Matiahna.Thornton/Downloads/ECE_281/Lab2/ece281-lab2/binaryHexDisp/binaryHexDisp.runs/impl_1/runme.log
open_hw
connect_hw_server
INFO: [Labtools 27-2285] Connecting to hw_server url TCP:localhost:3121
INFO: [Labtools 27-2222] Launching hw_server...
INFO: [Labtools 27-2221] Launch Output:

****** Xilinx hw_server v2018.2
  **** Build date : Jun 14 2018-20:42:52
    ** Copyright 1986-2018 Xilinx, Inc. All Rights Reserved.


connect_hw_server: Time (s): cpu = 00:00:00 ; elapsed = 00:00:05 . Memory (MB): peak = 1782.035 ; gain = 0.000
open_hw_target
INFO: [Labtoolstcl 44-466] Opening hw_target localhost:3121/xilinx_tcf/Digilent/210183A4D7CEA
set_property PROGRAM.FILE {C:/Users/Matiahna.Thornton/Downloads/ECE_281/Lab2/ece281-lab2/binaryHexDisp/binaryHexDisp.runs/impl_1/top_basys3.bit} [get_hw_devices xc7a35t_0]
current_hw_device [get_hw_devices xc7a35t_0]
refresh_hw_device -update_hw_probes false [lindex [get_hw_devices xc7a35t_0] 0]
INFO: [Labtools 27-1434] Device xc7a35t (JTAG device index = 0) is programmed with a design that has no supported debug core(s) in it.
WARNING: [Labtools 27-3361] The debug hub core was not detected.
Resolution: 
1. Make sure the clock connected to the debug hub (dbg_hub) core is a free running clock and is active.
2. Make sure the BSCAN_SWITCH_USER_MASK device property in Vivado Hardware Manager reflects the user scan chain setting in the design and refresh the device.  To determine the user scan chain setting in the design, open the implemented design and use 'get_property C_USER_SCAN_CHAIN [get_debug_cores dbg_hub]'.
For more details on setting the scan chain property, consult the Vivado Debug and Programming User Guide (UG908).
set_property PROBES.FILE {} [get_hw_devices xc7a35t_0]
set_property FULL_PROBES.FILE {} [get_hw_devices xc7a35t_0]
set_property PROGRAM.FILE {C:/Users/Matiahna.Thornton/Downloads/ECE_281/Lab2/ece281-lab2/binaryHexDisp/binaryHexDisp.runs/impl_1/top_basys3.bit} [get_hw_devices xc7a35t_0]
program_hw_devices [get_hw_devices xc7a35t_0]
INFO: [Labtools 27-3164] End of startup status: HIGH
refresh_hw_device [lindex [get_hw_devices xc7a35t_0] 0]
INFO: [Labtools 27-1434] Device xc7a35t (JTAG device index = 0) is programmed with a design that has no supported debug core(s) in it.
WARNING: [Labtools 27-3361] The debug hub core was not detected.
Resolution: 
1. Make sure the clock connected to the debug hub (dbg_hub) core is a free running clock and is active.
2. Make sure the BSCAN_SWITCH_USER_MASK device property in Vivado Hardware Manager reflects the user scan chain setting in the design and refresh the device.  To determine the user scan chain setting in the design, open the implemented design and use 'get_property C_USER_SCAN_CHAIN [get_debug_cores dbg_hub]'.
For more details on setting the scan chain property, consult the Vivado Debug and Programming User Guide (UG908).
set_property PROBES.FILE {} [get_hw_devices xc7a35t_0]
set_property FULL_PROBES.FILE {} [get_hw_devices xc7a35t_0]
set_property PROGRAM.FILE {C:/Users/Matiahna.Thornton/Downloads/ECE_281/Lab2/ece281-lab2/binaryHexDisp/binaryHexDisp.runs/impl_1/top_basys3.bit} [get_hw_devices xc7a35t_0]
program_hw_devices [get_hw_devices xc7a35t_0]
INFO: [Labtools 27-3164] End of startup status: HIGH
refresh_hw_device [lindex [get_hw_devices xc7a35t_0] 0]
INFO: [Labtools 27-1434] Device xc7a35t (JTAG device index = 0) is programmed with a design that has no supported debug core(s) in it.
WARNING: [Labtools 27-3361] The debug hub core was not detected.
Resolution: 
1. Make sure the clock connected to the debug hub (dbg_hub) core is a free running clock and is active.
2. Make sure the BSCAN_SWITCH_USER_MASK device property in Vivado Hardware Manager reflects the user scan chain setting in the design and refresh the device.  To determine the user scan chain setting in the design, open the implemented design and use 'get_property C_USER_SCAN_CHAIN [get_debug_cores dbg_hub]'.
For more details on setting the scan chain property, consult the Vivado Debug and Programming User Guide (UG908).
reset_run synth_1
WARNING: [Vivado 12-1017] Problems encountered:
1. Failed to delete one or more files in run directory C:/Users/Matiahna.Thornton/Downloads/ECE_281/Lab2/ece281-lab2/binaryHexDisp/binaryHexDisp.runs/synth_1

launch_runs impl_1 -to_step write_bitstream -jobs 4
[Mon Feb 26 14:27:40 2024] Launched synth_1...
Run output will be captured here: C:/Users/Matiahna.Thornton/Downloads/ECE_281/Lab2/ece281-lab2/binaryHexDisp/binaryHexDisp.runs/synth_1/runme.log
[Mon Feb 26 14:27:40 2024] Launched impl_1...
Run output will be captured here: C:/Users/Matiahna.Thornton/Downloads/ECE_281/Lab2/ece281-lab2/binaryHexDisp/binaryHexDisp.runs/impl_1/runme.log
set_property PROBES.FILE {} [get_hw_devices xc7a35t_0]
set_property FULL_PROBES.FILE {} [get_hw_devices xc7a35t_0]
set_property PROGRAM.FILE {C:/Users/Matiahna.Thornton/Downloads/ECE_281/Lab2/ece281-lab2/binaryHexDisp/binaryHexDisp.runs/impl_1/top_basys3.bit} [get_hw_devices xc7a35t_0]
program_hw_devices [get_hw_devices xc7a35t_0]
INFO: [Labtools 27-3164] End of startup status: HIGH
refresh_hw_device [lindex [get_hw_devices xc7a35t_0] 0]
INFO: [Labtools 27-1434] Device xc7a35t (JTAG device index = 0) is programmed with a design that has no supported debug core(s) in it.
WARNING: [Labtools 27-3361] The debug hub core was not detected.
Resolution: 
1. Make sure the clock connected to the debug hub (dbg_hub) core is a free running clock and is active.
2. Make sure the BSCAN_SWITCH_USER_MASK device property in Vivado Hardware Manager reflects the user scan chain setting in the design and refresh the device.  To determine the user scan chain setting in the design, open the implemented design and use 'get_property C_USER_SCAN_CHAIN [get_debug_cores dbg_hub]'.
For more details on setting the scan chain property, consult the Vivado Debug and Programming User Guide (UG908).
set_property PROBES.FILE {} [get_hw_devices xc7a35t_0]
set_property FULL_PROBES.FILE {} [get_hw_devices xc7a35t_0]
set_property PROGRAM.FILE {C:/Users/Matiahna.Thornton/Downloads/ECE_281/Lab2/ece281-lab2/binaryHexDisp/binaryHexDisp.runs/impl_1/top_basys3.bit} [get_hw_devices xc7a35t_0]
program_hw_devices [get_hw_devices xc7a35t_0]
INFO: [Labtools 27-3164] End of startup status: HIGH
refresh_hw_device [lindex [get_hw_devices xc7a35t_0] 0]
INFO: [Labtools 27-1434] Device xc7a35t (JTAG device index = 0) is programmed with a design that has no supported debug core(s) in it.
WARNING: [Labtools 27-3361] The debug hub core was not detected.
Resolution: 
1. Make sure the clock connected to the debug hub (dbg_hub) core is a free running clock and is active.
2. Make sure the BSCAN_SWITCH_USER_MASK device property in Vivado Hardware Manager reflects the user scan chain setting in the design and refresh the device.  To determine the user scan chain setting in the design, open the implemented design and use 'get_property C_USER_SCAN_CHAIN [get_debug_cores dbg_hub]'.
For more details on setting the scan chain property, consult the Vivado Debug and Programming User Guide (UG908).
ERROR: [Labtoolstcl 44-513] HW Target shutdown. Closing target: localhost:3121/xilinx_tcf/Digilent/210183A4D7CEA
reset_run impl_1 -prev_step 
launch_runs impl_1 -to_step write_bitstream -jobs 4
[Mon Feb 26 14:43:40 2024] Launched impl_1...
Run output will be captured here: C:/Users/Matiahna.Thornton/Downloads/ECE_281/Lab2/ece281-lab2/binaryHexDisp/binaryHexDisp.runs/impl_1/runme.log
INFO: [Labtoolstcl 44-466] Opening hw_target localhost:3121/xilinx_tcf/Digilent/210183A4D7CEA
INFO: [Labtools 27-1434] Device xc7a35t (JTAG device index = 0) is programmed with a design that has no supported debug core(s) in it.
WARNING: [Labtools 27-3361] The debug hub core was not detected.
Resolution: 
1. Make sure the clock connected to the debug hub (dbg_hub) core is a free running clock and is active.
2. Make sure the BSCAN_SWITCH_USER_MASK device property in Vivado Hardware Manager reflects the user scan chain setting in the design and refresh the device.  To determine the user scan chain setting in the design, open the implemented design and use 'get_property C_USER_SCAN_CHAIN [get_debug_cores dbg_hub]'.
For more details on setting the scan chain property, consult the Vivado Debug and Programming User Guide (UG908).
WARNING: [Labtoolstcl 44-129] No matching hw_ila_data was found.
refresh_hw_device [lindex [get_hw_devices xc7a35t_0] 0]
INFO: [Labtools 27-1434] Device xc7a35t (JTAG device index = 0) is programmed with a design that has no supported debug core(s) in it.
WARNING: [Labtools 27-3361] The debug hub core was not detected.
Resolution: 
1. Make sure the clock connected to the debug hub (dbg_hub) core is a free running clock and is active.
2. Make sure the BSCAN_SWITCH_USER_MASK device property in Vivado Hardware Manager reflects the user scan chain setting in the design and refresh the device.  To determine the user scan chain setting in the design, open the implemented design and use 'get_property C_USER_SCAN_CHAIN [get_debug_cores dbg_hub]'.
For more details on setting the scan chain property, consult the Vivado Debug and Programming User Guide (UG908).
set_property PROBES.FILE {} [get_hw_devices xc7a35t_0]
set_property FULL_PROBES.FILE {} [get_hw_devices xc7a35t_0]
set_property PROGRAM.FILE {C:/Users/Matiahna.Thornton/Downloads/ECE_281/Lab2/ece281-lab2/binaryHexDisp/binaryHexDisp.runs/impl_1/top_basys3.bit} [get_hw_devices xc7a35t_0]
program_hw_devices [get_hw_devices xc7a35t_0]
INFO: [Labtools 27-3164] End of startup status: HIGH
refresh_hw_device [lindex [get_hw_devices xc7a35t_0] 0]
INFO: [Labtools 27-1434] Device xc7a35t (JTAG device index = 0) is programmed with a design that has no supported debug core(s) in it.
WARNING: [Labtools 27-3361] The debug hub core was not detected.
Resolution: 
1. Make sure the clock connected to the debug hub (dbg_hub) core is a free running clock and is active.
2. Make sure the BSCAN_SWITCH_USER_MASK device property in Vivado Hardware Manager reflects the user scan chain setting in the design and refresh the device.  To determine the user scan chain setting in the design, open the implemented design and use 'get_property C_USER_SCAN_CHAIN [get_debug_cores dbg_hub]'.
For more details on setting the scan chain property, consult the Vivado Debug and Programming User Guide (UG908).
ERROR: [Labtoolstcl 44-513] HW Target shutdown. Closing target: localhost:3121/xilinx_tcf/Digilent/210183A4D7CEA
close_sim
INFO: [Simtcl 6-16] Simulation closed
launch_simulation
INFO: [Vivado 12-5682] Launching behavioral simulation in 'C:/Users/Matiahna.Thornton/Downloads/ECE_281/Lab2/ece281-lab2/binaryHexDisp/binaryHexDisp.sim/sim_1/behav/xsim'
INFO: [SIM-utils-51] Simulation object is 'sim_1'
INFO: [SIM-utils-54] Inspecting design source files for 'sevenSegDecoder_tb' in fileset 'sim_1'...
INFO: [USF-XSim-97] Finding global include files...
INFO: [USF-XSim-98] Fetching design files from 'sim_1'...
INFO: [USF-XSim-2] XSim::Compile design
INFO: [USF-XSim-61] Executing 'COMPILE and ANALYZE' step in 'C:/Users/Matiahna.Thornton/Downloads/ECE_281/Lab2/ece281-lab2/binaryHexDisp/binaryHexDisp.sim/sim_1/behav/xsim'
"xvhdl --incr --relax -prj sevenSegDecoder_tb_vhdl.prj"
INFO: [USF-XSim-69] 'compile' step finished in '2' seconds
INFO: [USF-XSim-3] XSim::Elaborate design
INFO: [USF-XSim-61] Executing 'ELABORATE' step in 'C:/Users/Matiahna.Thornton/Downloads/ECE_281/Lab2/ece281-lab2/binaryHexDisp/binaryHexDisp.sim/sim_1/behav/xsim'
Vivado Simulator 2018.2
Copyright 1986-1999, 2001-2018 Xilinx, Inc. All Rights Reserved.
Running: C:/Xilinx/Vivado/2018.2/bin/unwrapped/win64.o/xelab.exe -wto 1fb07f3ef2694a1daf4ee6a92ac5f364 --incr --debug typical --relax --mt 2 -L xil_defaultlib -L secureip --snapshot sevenSegDecoder_tb_behav xil_defaultlib.sevenSegDecoder_tb -log elaborate.log 
Using 2 slave threads.
Starting static elaboration
Completed static elaboration
INFO: [XSIM 43-4323] No Change in HDL. Linking previously generated obj files to create kernel
INFO: [USF-XSim-69] 'elaborate' step finished in '3' seconds
INFO: [USF-XSim-4] XSim::Simulate design
INFO: [USF-XSim-61] Executing 'SIMULATE' step in 'C:/Users/Matiahna.Thornton/Downloads/ECE_281/Lab2/ece281-lab2/binaryHexDisp/binaryHexDisp.sim/sim_1/behav/xsim'
INFO: [USF-XSim-98] *** Running xsim
   with args "sevenSegDecoder_tb_behav -key {Behavioral:sim_1:Functional:sevenSegDecoder_tb} -tclbatch {sevenSegDecoder_tb.tcl} -log {simulate.log}"
INFO: [USF-XSim-8] Loading simulator feature
Vivado Simulator 2018.2
Time resolution is 1 ps
source sevenSegDecoder_tb.tcl
# set curr_wave [current_wave_config]
# if { [string length $curr_wave] == 0 } {
#   if { [llength [get_objects]] > 0} {
#     add_wave /
#     set_property needs_save false [current_wave_config]
#   } else {
#      send_msg_id Add_Wave-1 WARNING "No top level signals found. Simulator will start without a wave window. If you want to open a wave window go to 'File->New Waveform Configuration' or type 'create_wave_config' in the TCL console."
#   }
# }
# run 1000ns
INFO: [USF-XSim-96] XSim completed. Design snapshot 'sevenSegDecoder_tb_behav' loaded.
INFO: [USF-XSim-97] XSim simulation ran for 1000ns
launch_simulation: Time (s): cpu = 00:00:02 ; elapsed = 00:00:07 . Memory (MB): peak = 2429.762 ; gain = 0.000
reset_run synth_1
WARNING: [Vivado 12-1017] Problems encountered:
1. Failed to delete one or more files in run directory C:/Users/Matiahna.Thornton/Downloads/ECE_281/Lab2/ece281-lab2/binaryHexDisp/binaryHexDisp.runs/synth_1

launch_runs synth_1 -jobs 4
[Mon Feb 26 17:30:57 2024] Launched synth_1...
Run output will be captured here: C:/Users/Matiahna.Thornton/Downloads/ECE_281/Lab2/ece281-lab2/binaryHexDisp/binaryHexDisp.runs/synth_1/runme.log
add_bp {C:/Users/Matiahna.Thornton/Downloads/ECE_281/Lab2/ece281-lab2/binaryHexDisp/binaryHexDisp.srcs/sources_1/new/sevenSegDecoder.vhd} 44
remove_bps -file {C:/Users/Matiahna.Thornton/Downloads/ECE_281/Lab2/ece281-lab2/binaryHexDisp/binaryHexDisp.srcs/sources_1/new/sevenSegDecoder.vhd} -line 44
close_sim
INFO: [Simtcl 6-16] Simulation closed
launch_simulation
INFO: [Vivado 12-5682] Launching behavioral simulation in 'C:/Users/Matiahna.Thornton/Downloads/ECE_281/Lab2/ece281-lab2/binaryHexDisp/binaryHexDisp.sim/sim_1/behav/xsim'
INFO: [SIM-utils-51] Simulation object is 'sim_1'
INFO: [SIM-utils-54] Inspecting design source files for 'sevenSegDecoder_tb' in fileset 'sim_1'...
INFO: [USF-XSim-97] Finding global include files...
INFO: [USF-XSim-98] Fetching design files from 'sim_1'...
INFO: [USF-XSim-2] XSim::Compile design
INFO: [USF-XSim-61] Executing 'COMPILE and ANALYZE' step in 'C:/Users/Matiahna.Thornton/Downloads/ECE_281/Lab2/ece281-lab2/binaryHexDisp/binaryHexDisp.sim/sim_1/behav/xsim'
"xvhdl --incr --relax -prj sevenSegDecoder_tb_vhdl.prj"
INFO: [VRFC 10-163] Analyzing VHDL file "C:/Users/Matiahna.Thornton/Downloads/ECE_281/Lab2/ece281-lab2/binaryHexDisp/binaryHexDisp.srcs/sources_1/new/sevenSegDecoder.vhd" into library xil_defaultlib
INFO: [VRFC 10-307] analyzing entity sevenSegDecoder
run_program: Time (s): cpu = 00:00:00 ; elapsed = 00:00:08 . Memory (MB): peak = 2433.379 ; gain = 0.000
INFO: [USF-XSim-69] 'compile' step finished in '8' seconds
INFO: [USF-XSim-3] XSim::Elaborate design
INFO: [USF-XSim-61] Executing 'ELABORATE' step in 'C:/Users/Matiahna.Thornton/Downloads/ECE_281/Lab2/ece281-lab2/binaryHexDisp/binaryHexDisp.sim/sim_1/behav/xsim'
Vivado Simulator 2018.2
Copyright 1986-1999, 2001-2018 Xilinx, Inc. All Rights Reserved.
Running: C:/Xilinx/Vivado/2018.2/bin/unwrapped/win64.o/xelab.exe -wto 1fb07f3ef2694a1daf4ee6a92ac5f364 --incr --debug typical --relax --mt 2 -L xil_defaultlib -L secureip --snapshot sevenSegDecoder_tb_behav xil_defaultlib.sevenSegDecoder_tb -log elaborate.log 
Using 2 slave threads.
Starting static elaboration
Completed static elaboration
Starting simulation data flow analysis
Completed simulation data flow analysis
Time Resolution for simulation is 1ps
Compiling package std.standard
Compiling package std.textio
Compiling package ieee.std_logic_1164
Compiling package ieee.numeric_std
Compiling architecture behavioral of entity xil_defaultlib.sevenSegDecoder [sevensegdecoder_default]
Compiling architecture test_bench of entity xil_defaultlib.sevensegdecoder_tb
Built simulation snapshot sevenSegDecoder_tb_behav
INFO: [USF-XSim-69] 'elaborate' step finished in '4' seconds
INFO: [USF-XSim-4] XSim::Simulate design
INFO: [USF-XSim-61] Executing 'SIMULATE' step in 'C:/Users/Matiahna.Thornton/Downloads/ECE_281/Lab2/ece281-lab2/binaryHexDisp/binaryHexDisp.sim/sim_1/behav/xsim'
INFO: [USF-XSim-98] *** Running xsim
   with args "sevenSegDecoder_tb_behav -key {Behavioral:sim_1:Functional:sevenSegDecoder_tb} -tclbatch {sevenSegDecoder_tb.tcl} -log {simulate.log}"
INFO: [USF-XSim-8] Loading simulator feature
Vivado Simulator 2018.2
Time resolution is 1 ps
source sevenSegDecoder_tb.tcl
# set curr_wave [current_wave_config]
# if { [string length $curr_wave] == 0 } {
#   if { [llength [get_objects]] > 0} {
#     add_wave /
#     set_property needs_save false [current_wave_config]
#   } else {
#      send_msg_id Add_Wave-1 WARNING "No top level signals found. Simulator will start without a wave window. If you want to open a wave window go to 'File->New Waveform Configuration' or type 'create_wave_config' in the TCL console."
#   }
# }
# run 1000ns
INFO: [USF-XSim-96] XSim completed. Design snapshot 'sevenSegDecoder_tb_behav' loaded.
INFO: [USF-XSim-97] XSim simulation ran for 1000ns
launch_simulation: Time (s): cpu = 00:00:01 ; elapsed = 00:00:17 . Memory (MB): peak = 2433.379 ; gain = 0.000
close_sim
INFO: [Simtcl 6-16] Simulation closed
close_sim: Time (s): cpu = 00:00:01 ; elapsed = 00:00:06 . Memory (MB): peak = 2571.168 ; gain = 0.000
launch_simulation
INFO: [Vivado 12-5682] Launching behavioral simulation in 'C:/Users/Matiahna.Thornton/Downloads/ECE_281/Lab2/ece281-lab2/binaryHexDisp/binaryHexDisp.sim/sim_1/behav/xsim'
INFO: [SIM-utils-51] Simulation object is 'sim_1'
INFO: [SIM-utils-54] Inspecting design source files for 'sevenSegDecoder_tb' in fileset 'sim_1'...
INFO: [USF-XSim-97] Finding global include files...
INFO: [USF-XSim-98] Fetching design files from 'sim_1'...
INFO: [USF-XSim-2] XSim::Compile design
INFO: [USF-XSim-61] Executing 'COMPILE and ANALYZE' step in 'C:/Users/Matiahna.Thornton/Downloads/ECE_281/Lab2/ece281-lab2/binaryHexDisp/binaryHexDisp.sim/sim_1/behav/xsim'
"xvhdl --incr --relax -prj sevenSegDecoder_tb_vhdl.prj"
INFO: [USF-XSim-69] 'compile' step finished in '3' seconds
INFO: [USF-XSim-3] XSim::Elaborate design
INFO: [USF-XSim-61] Executing 'ELABORATE' step in 'C:/Users/Matiahna.Thornton/Downloads/ECE_281/Lab2/ece281-lab2/binaryHexDisp/binaryHexDisp.sim/sim_1/behav/xsim'
Vivado Simulator 2018.2
Copyright 1986-1999, 2001-2018 Xilinx, Inc. All Rights Reserved.
Running: C:/Xilinx/Vivado/2018.2/bin/unwrapped/win64.o/xelab.exe -wto 1fb07f3ef2694a1daf4ee6a92ac5f364 --incr --debug typical --relax --mt 2 -L xil_defaultlib -L secureip --snapshot sevenSegDecoder_tb_behav xil_defaultlib.sevenSegDecoder_tb -log elaborate.log 
Using 2 slave threads.
Starting static elaboration
Completed static elaboration
INFO: [XSIM 43-4323] No Change in HDL. Linking previously generated obj files to create kernel
INFO: [USF-XSim-69] 'elaborate' step finished in '4' seconds
INFO: [USF-XSim-4] XSim::Simulate design
INFO: [USF-XSim-61] Executing 'SIMULATE' step in 'C:/Users/Matiahna.Thornton/Downloads/ECE_281/Lab2/ece281-lab2/binaryHexDisp/binaryHexDisp.sim/sim_1/behav/xsim'
INFO: [USF-XSim-98] *** Running xsim
   with args "sevenSegDecoder_tb_behav -key {Behavioral:sim_1:Functional:sevenSegDecoder_tb} -tclbatch {sevenSegDecoder_tb.tcl} -log {simulate.log}"
INFO: [USF-XSim-8] Loading simulator feature
Vivado Simulator 2018.2
Time resolution is 1 ps
source sevenSegDecoder_tb.tcl
# set curr_wave [current_wave_config]
# if { [string length $curr_wave] == 0 } {
#   if { [llength [get_objects]] > 0} {
#     add_wave /
#     set_property needs_save false [current_wave_config]
#   } else {
#      send_msg_id Add_Wave-1 WARNING "No top level signals found. Simulator will start without a wave window. If you want to open a wave window go to 'File->New Waveform Configuration' or type 'create_wave_config' in the TCL console."
#   }
# }
# run 1000ns
INFO: [USF-XSim-96] XSim completed. Design snapshot 'sevenSegDecoder_tb_behav' loaded.
INFO: [USF-XSim-97] XSim simulation ran for 1000ns
launch_simulation: Time (s): cpu = 00:00:04 ; elapsed = 00:00:10 . Memory (MB): peak = 2575.562 ; gain = 4.395
reset_run synth_1
WARNING: [Vivado 12-1017] Problems encountered:
1. Failed to delete one or more files in run directory C:/Users/Matiahna.Thornton/Downloads/ECE_281/Lab2/ece281-lab2/binaryHexDisp/binaryHexDisp.runs/synth_1

launch_runs synth_1 -jobs 4
[Tue Feb 27 13:22:10 2024] Launched synth_1...
Run output will be captured here: C:/Users/Matiahna.Thornton/Downloads/ECE_281/Lab2/ece281-lab2/binaryHexDisp/binaryHexDisp.runs/synth_1/runme.log
launch_runs impl_1 -to_step write_bitstream -jobs 4
[Tue Feb 27 13:23:33 2024] Launched impl_1...
Run output will be captured here: C:/Users/Matiahna.Thornton/Downloads/ECE_281/Lab2/ece281-lab2/binaryHexDisp/binaryHexDisp.runs/impl_1/runme.log
INFO: [Labtoolstcl 44-466] Opening hw_target localhost:3121/xilinx_tcf/Digilent/210183A4D7CEA
INFO: [Labtools 27-1434] Device xc7a35t (JTAG device index = 0) is programmed with a design that has no supported debug core(s) in it.
WARNING: [Labtools 27-3361] The debug hub core was not detected.
Resolution: 
1. Make sure the clock connected to the debug hub (dbg_hub) core is a free running clock and is active.
2. Make sure the BSCAN_SWITCH_USER_MASK device property in Vivado Hardware Manager reflects the user scan chain setting in the design and refresh the device.  To determine the user scan chain setting in the design, open the implemented design and use 'get_property C_USER_SCAN_CHAIN [get_debug_cores dbg_hub]'.
For more details on setting the scan chain property, consult the Vivado Debug and Programming User Guide (UG908).
WARNING: [Labtoolstcl 44-129] No matching hw_ila_data was found.
set_property PROBES.FILE {} [get_hw_devices xc7a35t_0]
set_property FULL_PROBES.FILE {} [get_hw_devices xc7a35t_0]
set_property PROGRAM.FILE {C:/Users/Matiahna.Thornton/Downloads/ECE_281/Lab2/ece281-lab2/binaryHexDisp/binaryHexDisp.runs/impl_1/top_basys3.bit} [get_hw_devices xc7a35t_0]
program_hw_devices [get_hw_devices xc7a35t_0]
INFO: [Labtools 27-3164] End of startup status: HIGH
refresh_hw_device [lindex [get_hw_devices xc7a35t_0] 0]
INFO: [Labtools 27-1434] Device xc7a35t (JTAG device index = 0) is programmed with a design that has no supported debug core(s) in it.
WARNING: [Labtools 27-3361] The debug hub core was not detected.
Resolution: 
1. Make sure the clock connected to the debug hub (dbg_hub) core is a free running clock and is active.
2. Make sure the BSCAN_SWITCH_USER_MASK device property in Vivado Hardware Manager reflects the user scan chain setting in the design and refresh the device.  To determine the user scan chain setting in the design, open the implemented design and use 'get_property C_USER_SCAN_CHAIN [get_debug_cores dbg_hub]'.
For more details on setting the scan chain property, consult the Vivado Debug and Programming User Guide (UG908).
ERROR: [Labtoolstcl 44-513] HW Target shutdown. Closing target: localhost:3121/xilinx_tcf/Digilent/210183A4D7CEA
close_sim
INFO: [Simtcl 6-16] Simulation closed
launch_simulation
INFO: [Vivado 12-5682] Launching behavioral simulation in 'C:/Users/Matiahna.Thornton/Downloads/ECE_281/Lab2/ece281-lab2/binaryHexDisp/binaryHexDisp.sim/sim_1/behav/xsim'
INFO: [SIM-utils-51] Simulation object is 'sim_1'
INFO: [SIM-utils-54] Inspecting design source files for 'sevenSegDecoder_tb' in fileset 'sim_1'...
INFO: [USF-XSim-97] Finding global include files...
INFO: [USF-XSim-98] Fetching design files from 'sim_1'...
INFO: [USF-XSim-2] XSim::Compile design
INFO: [USF-XSim-61] Executing 'COMPILE and ANALYZE' step in 'C:/Users/Matiahna.Thornton/Downloads/ECE_281/Lab2/ece281-lab2/binaryHexDisp/binaryHexDisp.sim/sim_1/behav/xsim'
"xvhdl --incr --relax -prj sevenSegDecoder_tb_vhdl.prj"
INFO: [VRFC 10-163] Analyzing VHDL file "C:/Users/Matiahna.Thornton/Downloads/ECE_281/Lab2/ece281-lab2/binaryHexDisp/binaryHexDisp.srcs/sources_1/new/sevenSegDecoder.vhd" into library xil_defaultlib
INFO: [VRFC 10-307] analyzing entity sevenSegDecoder
INFO: [USF-XSim-69] 'compile' step finished in '1' seconds
INFO: [USF-XSim-3] XSim::Elaborate design
INFO: [USF-XSim-61] Executing 'ELABORATE' step in 'C:/Users/Matiahna.Thornton/Downloads/ECE_281/Lab2/ece281-lab2/binaryHexDisp/binaryHexDisp.sim/sim_1/behav/xsim'
Vivado Simulator 2018.2
Copyright 1986-1999, 2001-2018 Xilinx, Inc. All Rights Reserved.
Running: C:/Xilinx/Vivado/2018.2/bin/unwrapped/win64.o/xelab.exe -wto 1fb07f3ef2694a1daf4ee6a92ac5f364 --incr --debug typical --relax --mt 2 -L xil_defaultlib -L secureip --snapshot sevenSegDecoder_tb_behav xil_defaultlib.sevenSegDecoder_tb -log elaborate.log 
Using 2 slave threads.
Starting static elaboration
Completed static elaboration
Starting simulation data flow analysis
Completed simulation data flow analysis
Time Resolution for simulation is 1ps
Compiling package std.standard
Compiling package std.textio
Compiling package ieee.std_logic_1164
Compiling package ieee.numeric_std
Compiling architecture behavioral of entity xil_defaultlib.sevenSegDecoder [sevensegdecoder_default]
Compiling architecture test_bench of entity xil_defaultlib.sevensegdecoder_tb
Built simulation snapshot sevenSegDecoder_tb_behav

****** Webtalk v2018.2 (64-bit)
  **** SW Build 2258646 on Thu Jun 14 20:03:12 MDT 2018
  **** IP Build 2256618 on Thu Jun 14 22:10:49 MDT 2018
    ** Copyright 1986-2018 Xilinx, Inc. All Rights Reserved.

source C:/Users/Matiahna.Thornton/Downloads/ECE_281/Lab2/ece281-lab2/binaryHexDisp/binaryHexDisp.sim/sim_1/behav/xsim/xsim.dir/sevenSegDecoder_tb_behav/webtalk/xsim_webtalk.tcl -notrace
INFO: [Common 17-206] Exiting Webtalk at Tue Feb 27 14:46:41 2024...
INFO: [USF-XSim-69] 'elaborate' step finished in '5' seconds
INFO: [USF-XSim-4] XSim::Simulate design
INFO: [USF-XSim-61] Executing 'SIMULATE' step in 'C:/Users/Matiahna.Thornton/Downloads/ECE_281/Lab2/ece281-lab2/binaryHexDisp/binaryHexDisp.sim/sim_1/behav/xsim'
INFO: [USF-XSim-98] *** Running xsim
   with args "sevenSegDecoder_tb_behav -key {Behavioral:sim_1:Functional:sevenSegDecoder_tb} -tclbatch {sevenSegDecoder_tb.tcl} -log {simulate.log}"
INFO: [USF-XSim-8] Loading simulator feature
Vivado Simulator 2018.2
Time resolution is 1 ps
source sevenSegDecoder_tb.tcl
# set curr_wave [current_wave_config]
# if { [string length $curr_wave] == 0 } {
#   if { [llength [get_objects]] > 0} {
#     add_wave /
#     set_property needs_save false [current_wave_config]
#   } else {
#      send_msg_id Add_Wave-1 WARNING "No top level signals found. Simulator will start without a wave window. If you want to open a wave window go to 'File->New Waveform Configuration' or type 'create_wave_config' in the TCL console."
#   }
# }
# run 1000ns
INFO: [USF-XSim-96] XSim completed. Design snapshot 'sevenSegDecoder_tb_behav' loaded.
INFO: [USF-XSim-97] XSim simulation ran for 1000ns
launch_simulation: Time (s): cpu = 00:00:01 ; elapsed = 00:00:09 . Memory (MB): peak = 2583.355 ; gain = 1.391
reset_run synth_1
WARNING: [Vivado 12-1017] Problems encountered:
1. Failed to delete one or more files in run directory C:/Users/Matiahna.Thornton/Downloads/ECE_281/Lab2/ece281-lab2/binaryHexDisp/binaryHexDisp.runs/synth_1

launch_runs synth_1 -jobs 4
[Tue Feb 27 14:47:27 2024] Launched synth_1...
Run output will be captured here: C:/Users/Matiahna.Thornton/Downloads/ECE_281/Lab2/ece281-lab2/binaryHexDisp/binaryHexDisp.runs/synth_1/runme.log
launch_runs impl_1 -jobs 4
[Tue Feb 27 14:48:11 2024] Launched impl_1...
Run output will be captured here: C:/Users/Matiahna.Thornton/Downloads/ECE_281/Lab2/ece281-lab2/binaryHexDisp/binaryHexDisp.runs/impl_1/runme.log
launch_runs impl_1 -to_step write_bitstream -jobs 4
[Tue Feb 27 14:49:18 2024] Launched impl_1...
Run output will be captured here: C:/Users/Matiahna.Thornton/Downloads/ECE_281/Lab2/ece281-lab2/binaryHexDisp/binaryHexDisp.runs/impl_1/runme.log
INFO: [Labtoolstcl 44-466] Opening hw_target localhost:3121/xilinx_tcf/Digilent/210183A4D7CEA
INFO: [Labtools 27-1434] Device xc7a35t (JTAG device index = 0) is programmed with a design that has no supported debug core(s) in it.
WARNING: [Labtools 27-3361] The debug hub core was not detected.
Resolution: 
1. Make sure the clock connected to the debug hub (dbg_hub) core is a free running clock and is active.
2. Make sure the BSCAN_SWITCH_USER_MASK device property in Vivado Hardware Manager reflects the user scan chain setting in the design and refresh the device.  To determine the user scan chain setting in the design, open the implemented design and use 'get_property C_USER_SCAN_CHAIN [get_debug_cores dbg_hub]'.
For more details on setting the scan chain property, consult the Vivado Debug and Programming User Guide (UG908).
WARNING: [Labtoolstcl 44-129] No matching hw_ila_data was found.
set_property PROBES.FILE {} [get_hw_devices xc7a35t_0]
set_property FULL_PROBES.FILE {} [get_hw_devices xc7a35t_0]
set_property PROGRAM.FILE {C:/Users/Matiahna.Thornton/Downloads/ECE_281/Lab2/ece281-lab2/binaryHexDisp/binaryHexDisp.runs/impl_1/top_basys3.bit} [get_hw_devices xc7a35t_0]
program_hw_devices [get_hw_devices xc7a35t_0]
INFO: [Labtools 27-3164] End of startup status: HIGH
refresh_hw_device [lindex [get_hw_devices xc7a35t_0] 0]
INFO: [Labtools 27-1434] Device xc7a35t (JTAG device index = 0) is programmed with a design that has no supported debug core(s) in it.
WARNING: [Labtools 27-3361] The debug hub core was not detected.
Resolution: 
1. Make sure the clock connected to the debug hub (dbg_hub) core is a free running clock and is active.
2. Make sure the BSCAN_SWITCH_USER_MASK device property in Vivado Hardware Manager reflects the user scan chain setting in the design and refresh the device.  To determine the user scan chain setting in the design, open the implemented design and use 'get_property C_USER_SCAN_CHAIN [get_debug_cores dbg_hub]'.
For more details on setting the scan chain property, consult the Vivado Debug and Programming User Guide (UG908).
ERROR: [Labtoolstcl 44-513] HW Target shutdown. Closing target: localhost:3121/xilinx_tcf/Digilent/210183A4D7CEA
close_sim
INFO: [Simtcl 6-16] Simulation closed
exit
INFO: [Common 17-206] Exiting Vivado at Tue Feb 27 15:04:57 2024...
